<html>
<head>
<title>TestNG:  Test</title>
<link href="../testng.css" rel="stylesheet" type="text/css" />
<link href="../my-testng.css" rel="stylesheet" type="text/css" />

<style type="text/css">
.log { display: none;} 
.stack-trace { display: none;} 
</style>
<script type="text/javascript">
<!--
function flip(e) {
  current = e.style.display;
  if (current == 'block') {
    e.style.display = 'none';
    return 0;
  }
  else {
    e.style.display = 'block';
    return 1;
  }
}

function toggleBox(szDivId, elem, msg1, msg2)
{
  var res = -1;  if (document.getElementById) {
    res = flip(document.getElementById(szDivId));
  }
  else if (document.all) {
    // this is the way old msie versions work
    res = flip(document.all[szDivId]);
  }
  if(elem) {
    if(res == 0) elem.innerHTML = msg1; else elem.innerHTML = msg2;
  }

}

function toggleAllBoxes() {
  if (document.getElementsByTagName) {
    d = document.getElementsByTagName('div');
    for (i = 0; i < d.length; i++) {
      if (d[i].className == 'log') {
        flip(d[i]);
      }
    }
  }
}

// -->
</script>

</head>
<body>
<h2 align='center'>Test</h2><table border='1' align="center">
<tr>
<td>Tests passed/Failed/Skipped:</td><td>22/2/0</td>
</tr><tr>
<td>Started on:</td><td>Tue May 02 21:43:46 IST 2023</td>
</tr>
<tr><td>Total time:</td><td>171 seconds (171795 ms)</td>
</tr><tr>
<td>Included groups:</td><td></td>
</tr><tr>
<td>Excluded groups:</td><td></td>
</tr>
</table><p/>
<small><i>(Hover the method name to see the test class name)</i></small><p/>
<table width='100%' border='1' class='invocation-failed'>
<tr><td colspan='4' align='center'><b>FAILED TESTS</b></td></tr>
<tr><td><b>Test method</b></td>
<td><b>Attribute(s)</b></td>
<td width="30%"><b>Exception</b></td>
<td width="10%"><b>Time (seconds)</b></td>
<td><b>Instance</b></td>
</tr>
<tr>
<td title='tests.Test6_Login_ProductSelect_Logout.AddRemoveWishListItem()'><b>AddRemoveWishListItem</b><br>Test class: tests.Test6_Login_ProductSelect_Logout</td>
<td><div><pre>org.openqa.selenium.NoSuchElementException: no such element: Unable to locate element: {&quot;method&quot;:&quot;xpath&quot;,&quot;selector&quot;:&quot;//*[@id=&quot;wishlist-sidebar&quot;]/li/div/div/div[2]/div[2]/a&quot;}
  (Session info: chrome=112.0.5615.138)
For documentation on this error, please visit: https://selenium.dev/exceptions/#no_such_element
Build info: version: &apos;4.8.3&apos;, revision: &apos;e5e76298c3&apos;
System info: os.name: &apos;Windows 11&apos;, os.arch: &apos;amd64&apos;, os.version: &apos;10.0&apos;, java.version: &apos;17.0.6&apos;
Driver info: org.openqa.selenium.chrome.ChromeDriver
Command: [0d13c8d5f83721789b42bc6cdd671d02, findElement {using=xpath, value=//*[@id=&quot;wishlist-sidebar&quot;]/li/div/div/div[2]/div[2]/a}]
Capabilities {acceptInsecureCerts: false, browserName: chrome, browserVersion: 112.0.5615.138, chrome: {chromedriverVersion: 112.0.5615.49 (bd2a7bcb881c..., userDataDir: C:\Users\renu2143\AppData\L...}, goog:chromeOptions: {debuggerAddress: localhost:63233}, networkConnectionEnabled: false, pageLoadStrategy: normal, platformName: WINDOWS, proxy: Proxy(), se:cdp: ws://localhost:63233/devtoo..., se:cdpVersion: 112.0.5615.138, setWindowRect: true, strictFileInteractability: false, timeouts: {implicit: 0, pageLoad: 300000, script: 30000}, unhandledPromptBehavior: dismiss and notify, webauthn:extension:credBlob: true, webauthn:extension:largeBlob: true, webauthn:extension:minPinLength: true, webauthn:extension:prf: true, webauthn:virtualAuthenticators: true}
Session ID: 0d13c8d5f83721789b42bc6cdd671d02
	at org.openqa.selenium.remote.codec.w3c.W3CHttpResponseCodec.createException(W3CHttpResponseCodec.java:200)
	at org.openqa.selenium.remote.codec.w3c.W3CHttpResponseCodec.decode(W3CHttpResponseCodec.java:133)
	at org.openqa.selenium.remote.codec.w3c.W3CHttpResponseCodec.decode(W3CHttpResponseCodec.java:53)
	at org.openqa.selenium.remote.HttpCommandExecutor.execute(HttpCommandExecutor.java:193)
	at org.openqa.selenium.remote.service.DriverCommandExecutor.invokeExecute(DriverCommandExecutor.java:183)
	at org.openqa.selenium.remote.service.DriverCommandExecutor.execute(DriverCommandExecutor.java:158)
	at org.openqa.selenium.remote.RemoteWebDriver.execute(RemoteWebDriver.java:543)
	at org.openqa.selenium.remote.ElementLocation$ElementFinder$2.findElement(ElementLocation.java:162)
	at org.openqa.selenium.remote.ElementLocation.findElement(ElementLocation.java:60)
	at org.openqa.selenium.remote.RemoteWebDriver.findElement(RemoteWebDriver.java:352)
	at org.openqa.selenium.remote.RemoteWebDriver.findElement(RemoteWebDriver.java:344)
	at pages.HomePage.removeWishListTop(HomePage.java:493)
	at tests.Test6_Login_ProductSelect_Logout.AddRemoveWishListItem(Test6_Login_ProductSelect_Logout.java:55)
	at java.base/java.util.ArrayList.forEach(ArrayList.java:1511)
... Removed 32 stack frames</pre></div><a href='#' onClick='toggleBox("stack-trace1133161119", this, "Click to show all stack frames", "Click to hide stack frames")'>Click to show all stack frames</a>
<div class='stack-trace' id='stack-trace1133161119'><pre>org.openqa.selenium.NoSuchElementException: no such element: Unable to locate element: {&quot;method&quot;:&quot;xpath&quot;,&quot;selector&quot;:&quot;//*[@id=&quot;wishlist-sidebar&quot;]/li/div/div/div[2]/div[2]/a&quot;}
  (Session info: chrome=112.0.5615.138)
For documentation on this error, please visit: https://selenium.dev/exceptions/#no_such_element
Build info: version: &apos;4.8.3&apos;, revision: &apos;e5e76298c3&apos;
System info: os.name: &apos;Windows 11&apos;, os.arch: &apos;amd64&apos;, os.version: &apos;10.0&apos;, java.version: &apos;17.0.6&apos;
Driver info: org.openqa.selenium.chrome.ChromeDriver
Command: [0d13c8d5f83721789b42bc6cdd671d02, findElement {using=xpath, value=//*[@id=&quot;wishlist-sidebar&quot;]/li/div/div/div[2]/div[2]/a}]
Capabilities {acceptInsecureCerts: false, browserName: chrome, browserVersion: 112.0.5615.138, chrome: {chromedriverVersion: 112.0.5615.49 (bd2a7bcb881c..., userDataDir: C:\Users\renu2143\AppData\L...}, goog:chromeOptions: {debuggerAddress: localhost:63233}, networkConnectionEnabled: false, pageLoadStrategy: normal, platformName: WINDOWS, proxy: Proxy(), se:cdp: ws://localhost:63233/devtoo..., se:cdpVersion: 112.0.5615.138, setWindowRect: true, strictFileInteractability: false, timeouts: {implicit: 0, pageLoad: 300000, script: 30000}, unhandledPromptBehavior: dismiss and notify, webauthn:extension:credBlob: true, webauthn:extension:largeBlob: true, webauthn:extension:minPinLength: true, webauthn:extension:prf: true, webauthn:virtualAuthenticators: true}
Session ID: 0d13c8d5f83721789b42bc6cdd671d02
	at java.base/jdk.internal.reflect.NativeConstructorAccessorImpl.newInstance0(Native Method)
	at java.base/jdk.internal.reflect.NativeConstructorAccessorImpl.newInstance(NativeConstructorAccessorImpl.java:77)
	at java.base/jdk.internal.reflect.DelegatingConstructorAccessorImpl.newInstance(DelegatingConstructorAccessorImpl.java:45)
	at java.base/java.lang.reflect.Constructor.newInstanceWithCaller(Constructor.java:499)
	at java.base/java.lang.reflect.Constructor.newInstance(Constructor.java:480)
	at org.openqa.selenium.remote.codec.w3c.W3CHttpResponseCodec.createException(W3CHttpResponseCodec.java:200)
	at org.openqa.selenium.remote.codec.w3c.W3CHttpResponseCodec.decode(W3CHttpResponseCodec.java:133)
	at org.openqa.selenium.remote.codec.w3c.W3CHttpResponseCodec.decode(W3CHttpResponseCodec.java:53)
	at org.openqa.selenium.remote.HttpCommandExecutor.execute(HttpCommandExecutor.java:193)
	at org.openqa.selenium.remote.service.DriverCommandExecutor.invokeExecute(DriverCommandExecutor.java:183)
	at org.openqa.selenium.remote.service.DriverCommandExecutor.execute(DriverCommandExecutor.java:158)
	at org.openqa.selenium.remote.RemoteWebDriver.execute(RemoteWebDriver.java:543)
	at org.openqa.selenium.remote.ElementLocation$ElementFinder$2.findElement(ElementLocation.java:162)
	at org.openqa.selenium.remote.ElementLocation.findElement(ElementLocation.java:60)
	at org.openqa.selenium.remote.RemoteWebDriver.findElement(RemoteWebDriver.java:352)
	at org.openqa.selenium.remote.RemoteWebDriver.findElement(RemoteWebDriver.java:344)
	at pages.HomePage.removeWishListTop(HomePage.java:493)
	at tests.Test6_Login_ProductSelect_Logout.AddRemoveWishListItem(Test6_Login_ProductSelect_Logout.java:55)
	at java.base/jdk.internal.reflect.NativeMethodAccessorImpl.invoke0(Native Method)
	at java.base/jdk.internal.reflect.NativeMethodAccessorImpl.invoke(NativeMethodAccessorImpl.java:77)
	at java.base/jdk.internal.reflect.DelegatingMethodAccessorImpl.invoke(DelegatingMethodAccessorImpl.java:43)
	at java.base/java.lang.reflect.Method.invoke(Method.java:568)
	at org.testng.internal.invokers.MethodInvocationHelper.invokeMethod(MethodInvocationHelper.java:139)
	at org.testng.internal.invokers.TestInvoker.invokeMethod(TestInvoker.java:677)
	at org.testng.internal.invokers.TestInvoker.invokeTestMethod(TestInvoker.java:221)
	at org.testng.internal.invokers.MethodRunner.runInSequence(MethodRunner.java:50)
	at org.testng.internal.invokers.TestInvoker$MethodInvocationAgent.invoke(TestInvoker.java:969)
	at org.testng.internal.invokers.TestInvoker.invokeTestMethods(TestInvoker.java:194)
	at org.testng.internal.invokers.TestMethodWorker.invokeTestMethods(TestMethodWorker.java:148)
	at org.testng.internal.invokers.TestMethodWorker.run(TestMethodWorker.java:128)
	at java.base/java.util.ArrayList.forEach(ArrayList.java:1511)
	at org.testng.TestRunner.privateRun(TestRunner.java:829)
	at org.testng.TestRunner.run(TestRunner.java:602)
	at org.testng.SuiteRunner.runTest(SuiteRunner.java:437)
	at org.testng.SuiteRunner.runSequentially(SuiteRunner.java:431)
	at org.testng.SuiteRunner.privateRun(SuiteRunner.java:391)
	at org.testng.SuiteRunner.run(SuiteRunner.java:330)
	at org.testng.SuiteRunnerWorker.runSuite(SuiteRunnerWorker.java:52)
	at org.testng.SuiteRunnerWorker.run(SuiteRunnerWorker.java:95)
	at org.testng.TestNG.runSuitesSequentially(TestNG.java:1256)
	at org.testng.TestNG.runSuitesLocally(TestNG.java:1176)
	at org.testng.TestNG.runSuites(TestNG.java:1099)
	at org.testng.TestNG.run(TestNG.java:1067)
	at org.testng.remote.AbstractRemoteTestNG.run(AbstractRemoteTestNG.java:115)
	at org.testng.remote.RemoteTestNG.initAndRun(RemoteTestNG.java:251)
	at org.testng.remote.RemoteTestNG.main(RemoteTestNG.java:77)
</pre></div></td>
<td>15</td>
<td>tests.Test6_Login_ProductSelect_Logout@5890e879</td></tr>
<tr>
<td title='tests.Test1_InvalidLoginTest.invalidLogin()'><b>invalidLogin</b><br>Test class: tests.Test1_InvalidLoginTest</td>
<td><div><pre>java.lang.AssertionError: expected [Home page] but found [Customer Login]
	at tests.Test1_InvalidLoginTest.invalidLogin(Test1_InvalidLoginTest.java:45)
	at java.base/java.util.ArrayList.forEach(ArrayList.java:1511)
... Removed 33 stack frames</pre></div><a href='#' onClick='toggleBox("stack-trace715602332", this, "Click to show all stack frames", "Click to hide stack frames")'>Click to show all stack frames</a>
<div class='stack-trace' id='stack-trace715602332'><pre>java.lang.AssertionError: expected [Home page] but found [Customer Login]
	at org.testng.Assert.fail(Assert.java:110)
	at org.testng.Assert.failNotEquals(Assert.java:1577)
	at org.testng.Assert.assertEqualsImpl(Assert.java:149)
	at org.testng.Assert.assertEquals(Assert.java:131)
	at org.testng.Assert.assertEquals(Assert.java:655)
	at org.testng.Assert.assertEquals(Assert.java:665)
	at tests.Test1_InvalidLoginTest.invalidLogin(Test1_InvalidLoginTest.java:45)
	at java.base/jdk.internal.reflect.NativeMethodAccessorImpl.invoke0(Native Method)
	at java.base/jdk.internal.reflect.NativeMethodAccessorImpl.invoke(NativeMethodAccessorImpl.java:77)
	at java.base/jdk.internal.reflect.DelegatingMethodAccessorImpl.invoke(DelegatingMethodAccessorImpl.java:43)
	at java.base/java.lang.reflect.Method.invoke(Method.java:568)
	at org.testng.internal.invokers.MethodInvocationHelper.invokeMethod(MethodInvocationHelper.java:139)
	at org.testng.internal.invokers.TestInvoker.invokeMethod(TestInvoker.java:677)
	at org.testng.internal.invokers.TestInvoker.invokeTestMethod(TestInvoker.java:221)
	at org.testng.internal.invokers.MethodRunner.runInSequence(MethodRunner.java:50)
	at org.testng.internal.invokers.TestInvoker$MethodInvocationAgent.invoke(TestInvoker.java:969)
	at org.testng.internal.invokers.TestInvoker.invokeTestMethods(TestInvoker.java:194)
	at org.testng.internal.invokers.TestMethodWorker.invokeTestMethods(TestMethodWorker.java:148)
	at org.testng.internal.invokers.TestMethodWorker.run(TestMethodWorker.java:128)
	at java.base/java.util.ArrayList.forEach(ArrayList.java:1511)
	at org.testng.TestRunner.privateRun(TestRunner.java:829)
	at org.testng.TestRunner.run(TestRunner.java:602)
	at org.testng.SuiteRunner.runTest(SuiteRunner.java:437)
	at org.testng.SuiteRunner.runSequentially(SuiteRunner.java:431)
	at org.testng.SuiteRunner.privateRun(SuiteRunner.java:391)
	at org.testng.SuiteRunner.run(SuiteRunner.java:330)
	at org.testng.SuiteRunnerWorker.runSuite(SuiteRunnerWorker.java:52)
	at org.testng.SuiteRunnerWorker.run(SuiteRunnerWorker.java:95)
	at org.testng.TestNG.runSuitesSequentially(TestNG.java:1256)
	at org.testng.TestNG.runSuitesLocally(TestNG.java:1176)
	at org.testng.TestNG.runSuites(TestNG.java:1099)
	at org.testng.TestNG.run(TestNG.java:1067)
	at org.testng.remote.AbstractRemoteTestNG.run(AbstractRemoteTestNG.java:115)
	at org.testng.remote.RemoteTestNG.initAndRun(RemoteTestNG.java:251)
	at org.testng.remote.RemoteTestNG.main(RemoteTestNG.java:77)
</pre></div></td>
<td>4</td>
<td>tests.Test1_InvalidLoginTest@6fa51cd4</td></tr>
</table><p>
<table width='100%' border='1' class='invocation-passed'>
<tr><td colspan='4' align='center'><b>PASSED TESTS</b></td></tr>
<tr><td><b>Test method</b></td>
<td><b>Attribute(s)</b></td>
<td width="30%"><b>Exception</b></td>
<td width="10%"><b>Time (seconds)</b></td>
<td><b>Instance</b></td>
</tr>
<tr>
<td title='tests.Test5_ProductSearch_ConfigFile.login()'><b>login</b><br>Test class: tests.Test5_ProductSearch_ConfigFile</td>
<td></td>
<td>2</td>
<td>tests.Test5_ProductSearch_ConfigFile@6c284af</td></tr>
<tr>
<td title='tests.Test5_ProductSearch_ConfigFile.productSearch()'><b>productSearch</b><br>Test class: tests.Test5_ProductSearch_ConfigFile</td>
<td></td>
<td>5</td>
<td>tests.Test5_ProductSearch_ConfigFile@6c284af</td></tr>
<tr>
<td title='tests.Test6_Login_ProductSelect_Logout.menBottomSelect()'><b>menBottomSelect</b><br>Test class: tests.Test6_Login_ProductSelect_Logout</td>
<td></td>
<td>12</td>
<td>tests.Test6_Login_ProductSelect_Logout@5890e879</td></tr>
<tr>
<td title='tests.Test2_Login_CredentialsConfigFile.login()'><b>login</b><br>Test class: tests.Test2_Login_CredentialsConfigFile</td>
<td></td>
<td>2</td>
<td>tests.Test2_Login_CredentialsConfigFile@1750fbeb</td></tr>
<tr>
<td title='tests.Test6_Login_ProductSelect_Logout.verifySignOut()'><b>verifySignOut</b><br>Test class: tests.Test6_Login_ProductSelect_Logout</td>
<td></td>
<td>3</td>
<td>tests.Test6_Login_ProductSelect_Logout@5890e879</td></tr>
<tr>
<td title='tests.Test3_Login_DataProvider.testLogin()'><b>testLogin</b><br>Test class: tests.Test3_Login_DataProvider<br>Parameters: renu.singh@nagarro.com, Password123</td>
<td></td>
<td>3</td>
<td>tests.Test3_Login_DataProvider@268f106e</td></tr>
<tr>
<td title='tests.Test4_HomePage_MenuOptions.verifySignOut()'><b>verifySignOut</b><br>Test class: tests.Test4_HomePage_MenuOptions</td>
<td></td>
<td>4</td>
<td>tests.Test4_HomePage_MenuOptions@7e057f43</td></tr>
<tr>
<td title='tests.Test6_Login_ProductSelect_Logout.womenTopSelect()'><b>womenTopSelect</b><br>Test class: tests.Test6_Login_ProductSelect_Logout</td>
<td></td>
<td>12</td>
<td>tests.Test6_Login_ProductSelect_Logout@5890e879</td></tr>
<tr>
<td title='tests.Test2_Login_CredentialsConfigFile.verifySignOut()'><b>verifySignOut</b><br>Test class: tests.Test2_Login_CredentialsConfigFile</td>
<td></td>
<td>3</td>
<td>tests.Test2_Login_CredentialsConfigFile@1750fbeb</td></tr>
<tr>
<td title='tests.Test4_HomePage_MenuOptions.gearCategory()'><b>gearCategory</b><br>Test class: tests.Test4_HomePage_MenuOptions</td>
<td></td>
<td>5</td>
<td>tests.Test4_HomePage_MenuOptions@7e057f43</td></tr>
<tr>
<td title='tests.Test4_HomePage_MenuOptions.womenCategory()'><b>womenCategory</b><br>Test class: tests.Test4_HomePage_MenuOptions</td>
<td></td>
<td>5</td>
<td>tests.Test4_HomePage_MenuOptions@7e057f43</td></tr>
<tr>
<td title='tests.Test4_HomePage_MenuOptions.training()'><b>training</b><br>Test class: tests.Test4_HomePage_MenuOptions</td>
<td></td>
<td>5</td>
<td>tests.Test4_HomePage_MenuOptions@7e057f43</td></tr>
<tr>
<td title='tests.Test4_HomePage_MenuOptions.login()'><b>login</b><br>Test class: tests.Test4_HomePage_MenuOptions</td>
<td></td>
<td>3</td>
<td>tests.Test4_HomePage_MenuOptions@7e057f43</td></tr>
<tr>
<td title='tests.Test4_HomePage_MenuOptions.whatsNew()'><b>whatsNew</b><br>Test class: tests.Test4_HomePage_MenuOptions</td>
<td></td>
<td>6</td>
<td>tests.Test4_HomePage_MenuOptions@7e057f43</td></tr>
<tr>
<td title='tests.Test4_HomePage_MenuOptions.menCategory()'><b>menCategory</b><br>Test class: tests.Test4_HomePage_MenuOptions</td>
<td></td>
<td>8</td>
<td>tests.Test4_HomePage_MenuOptions@7e057f43</td></tr>
<tr>
<td title='tests.Test6_Login_ProductSelect_Logout.login()'><b>login</b><br>Test class: tests.Test6_Login_ProductSelect_Logout</td>
<td></td>
<td>3</td>
<td>tests.Test6_Login_ProductSelect_Logout@5890e879</td></tr>
<tr>
<td title='tests.Test5_ProductSearch_ConfigFile.tearDown()'><b>tearDown</b><br>Test class: tests.Test5_ProductSearch_ConfigFile</td>
<td></td>
<td>0</td>
<td>tests.Test5_ProductSearch_ConfigFile@6c284af</td></tr>
<tr>
<td title='tests.Test3_Login_DataProvider.verifySignOut()'><b>verifySignOut</b><br>Test class: tests.Test3_Login_DataProvider</td>
<td></td>
<td>4</td>
<td>tests.Test3_Login_DataProvider@268f106e</td></tr>
<tr>
<td title='tests.Test2_Login_CredentialsConfigFile.tearDown()'><b>tearDown</b><br>Test class: tests.Test2_Login_CredentialsConfigFile</td>
<td></td>
<td>0</td>
<td>tests.Test2_Login_CredentialsConfigFile@1750fbeb</td></tr>
<tr>
<td title='tests.Test6_Login_ProductSelect_Logout.tearDown()'><b>tearDown</b><br>Test class: tests.Test6_Login_ProductSelect_Logout</td>
<td></td>
<td>0</td>
<td>tests.Test6_Login_ProductSelect_Logout@5890e879</td></tr>
<tr>
<td title='tests.Test4_HomePage_MenuOptions.salePage()'><b>salePage</b><br>Test class: tests.Test4_HomePage_MenuOptions</td>
<td></td>
<td>5</td>
<td>tests.Test4_HomePage_MenuOptions@7e057f43</td></tr>
<tr>
<td title='tests.Test5_ProductSearch_ConfigFile.verifySignOut()'><b>verifySignOut</b><br>Test class: tests.Test5_ProductSearch_ConfigFile</td>
<td></td>
<td>3</td>
<td>tests.Test5_ProductSearch_ConfigFile@6c284af</td></tr>
</table><p>
</body>
</html>