<?xml version="1.0" encoding="UTF-8"?>
<testng-results ignored="5" total="29" passed="23" failed="1" skipped="0">
  <reporter-output>
  </reporter-output>
  <suite started-at="2023-05-02T16:56:54 IST" name="Suite" finished-at="2023-05-02T17:00:26 IST" duration-ms="212672">
    <groups>
    </groups>
    <test started-at="2023-05-02T16:56:54 IST" name="Test" finished-at="2023-05-02T17:00:26 IST" duration-ms="212672">
      <class name="tests.Test1_InvalidLoginTest">
        <test-method is-config="true" signature="setup()[pri:0, instance:tests.Test1_InvalidLoginTest@6fa51cd4]" started-at="2023-05-02T16:56:54 IST" name="setup" finished-at="2023-05-02T16:57:03 IST" duration-ms="8676" status="PASS">
          <reporter-output>
          </reporter-output>
        </test-method> <!-- setup -->
        <test-method signature="invalidLogin()[pri:0, instance:tests.Test1_InvalidLoginTest@6fa51cd4]" started-at="2023-05-02T16:57:03 IST" name="invalidLogin" finished-at="2023-05-02T16:57:07 IST" duration-ms="4258" status="FAIL">
          <exception class="java.lang.AssertionError">
            <message>
              <![CDATA[expected [Home page] but found [Customer Login]]]>
            </message>
            <full-stacktrace>
              <![CDATA[java.lang.AssertionError: expected [Home page] but found [Customer Login]
at org.testng.Assert.fail(Assert.java:110)
at org.testng.Assert.failNotEquals(Assert.java:1577)
at org.testng.Assert.assertEqualsImpl(Assert.java:149)
at org.testng.Assert.assertEquals(Assert.java:131)
at org.testng.Assert.assertEquals(Assert.java:655)
at org.testng.Assert.assertEquals(Assert.java:665)
at tests.Test1_InvalidLoginTest.invalidLogin(Test1_InvalidLoginTest.java:42)
at java.base/jdk.internal.reflect.NativeMethodAccessorImpl.invoke0(Native Method)
at java.base/jdk.internal.reflect.NativeMethodAccessorImpl.invoke(NativeMethodAccessorImpl.java:77)
at java.base/jdk.internal.reflect.DelegatingMethodAccessorImpl.invoke(DelegatingMethodAccessorImpl.java:43)
at java.base/java.lang.reflect.Method.invoke(Method.java:568)
at org.testng.internal.invokers.MethodInvocationHelper.invokeMethod(MethodInvocationHelper.java:139)
at org.testng.internal.invokers.TestInvoker.invokeMethod(TestInvoker.java:677)
at org.testng.internal.invokers.TestInvoker.invokeTestMethod(TestInvoker.java:221)
at org.testng.internal.invokers.MethodRunner.runInSequence(MethodRunner.java:50)
at org.testng.internal.invokers.TestInvoker$MethodInvocationAgent.invoke(TestInvoker.java:969)
at org.testng.internal.invokers.TestInvoker.invokeTestMethods(TestInvoker.java:194)
at org.testng.internal.invokers.TestMethodWorker.invokeTestMethods(TestMethodWorker.java:148)
at org.testng.internal.invokers.TestMethodWorker.run(TestMethodWorker.java:128)
at java.base/java.util.ArrayList.forEach(ArrayList.java:1511)
at org.testng.TestRunner.privateRun(TestRunner.java:829)
at org.testng.TestRunner.run(TestRunner.java:602)
at org.testng.SuiteRunner.runTest(SuiteRunner.java:437)
at org.testng.SuiteRunner.runSequentially(SuiteRunner.java:431)
at org.testng.SuiteRunner.privateRun(SuiteRunner.java:391)
at org.testng.SuiteRunner.run(SuiteRunner.java:330)
at org.testng.SuiteRunnerWorker.runSuite(SuiteRunnerWorker.java:52)
at org.testng.SuiteRunnerWorker.run(SuiteRunnerWorker.java:95)
at org.testng.TestNG.runSuitesSequentially(TestNG.java:1256)
at org.testng.TestNG.runSuitesLocally(TestNG.java:1176)
at org.testng.TestNG.runSuites(TestNG.java:1099)
at org.testng.TestNG.run(TestNG.java:1067)
at org.testng.remote.AbstractRemoteTestNG.run(AbstractRemoteTestNG.java:115)
at org.testng.remote.RemoteTestNG.initAndRun(RemoteTestNG.java:251)
at org.testng.remote.RemoteTestNG.main(RemoteTestNG.java:77)
]]>
            </full-stacktrace>
          </exception> <!-- java.lang.AssertionError -->
          <reporter-output>
          </reporter-output>
        </test-method> <!-- invalidLogin -->
        <test-method is-config="true" signature="tearDown()[pri:0, instance:tests.Test1_InvalidLoginTest@6fa51cd4]" started-at="2023-05-02T16:57:07 IST" name="tearDown" finished-at="2023-05-02T16:57:07 IST" duration-ms="259" status="PASS">
          <reporter-output>
          </reporter-output>
        </test-method> <!-- tearDown -->
        <test-method is-config="true" signature="copyTestExecution_In_Folder()[pri:0, instance:tests.Test1_InvalidLoginTest@6fa51cd4]" started-at="2023-05-02T17:00:27 IST" name="copyTestExecution_In_Folder" finished-at="2023-05-02T17:00:29 IST" duration-ms="2078" status="PASS">
          <reporter-output>
          </reporter-output>
        </test-method> <!-- copyTestExecution_In_Folder -->
      </class> <!-- tests.Test1_InvalidLoginTest -->
      <class name="tests.Test3_Login_DataProvider">
        <test-method is-config="true" signature="setup()[pri:0, instance:tests.Test3_Login_DataProvider@268f106e]" started-at="2023-05-02T16:57:24 IST" name="setup" finished-at="2023-05-02T16:57:29 IST" duration-ms="5377" status="PASS">
          <reporter-output>
          </reporter-output>
        </test-method> <!-- setup -->
        <test-method signature="testLogin(java.lang.String,java.lang.String)[pri:1, instance:tests.Test3_Login_DataProvider@268f106e]" started-at="2023-05-02T16:57:30 IST" name="testLogin" data-provider="testdata" finished-at="2023-05-02T16:57:33 IST" duration-ms="2837" status="PASS">
          <params>
            <param index="0">
              <value>
                <![CDATA[renu.singh@nagarro.com]]>
              </value>
            </param>
            <param index="1">
              <value>
                <![CDATA[Password123]]>
              </value>
            </param>
          </params>
          <reporter-output>
          </reporter-output>
        </test-method> <!-- testLogin -->
        <test-method signature="verifySignOut()[pri:2, instance:tests.Test3_Login_DataProvider@268f106e]" started-at="2023-05-02T16:57:33 IST" name="verifySignOut" finished-at="2023-05-02T16:57:36 IST" duration-ms="3441" status="PASS">
          <reporter-output>
          </reporter-output>
        </test-method> <!-- verifySignOut -->
        <test-method is-config="true" signature="tearDown()[pri:0, instance:tests.Test3_Login_DataProvider@268f106e]" started-at="2023-05-02T16:57:36 IST" name="tearDown" finished-at="2023-05-02T16:57:37 IST" duration-ms="349" status="PASS">
          <reporter-output>
          </reporter-output>
        </test-method> <!-- tearDown -->
      </class> <!-- tests.Test3_Login_DataProvider -->
      <class name="tests.Test6_Login_ProductSelect_Logout">
        <test-method is-config="true" signature="setup()[pri:0, instance:tests.Test6_Login_ProductSelect_Logout@5890e879]" started-at="2023-05-02T16:59:10 IST" name="setup" finished-at="2023-05-02T16:59:19 IST" duration-ms="9086" status="PASS">
          <reporter-output>
          </reporter-output>
        </test-method> <!-- setup -->
        <test-method signature="login()[pri:1, instance:tests.Test6_Login_ProductSelect_Logout@5890e879]" started-at="2023-05-02T16:59:19 IST" name="login" finished-at="2023-05-02T16:59:23 IST" duration-ms="3994" status="PASS">
          <reporter-output>
          </reporter-output>
        </test-method> <!-- login -->
        <test-method signature="womenTopSelect()[pri:2, instance:tests.Test6_Login_ProductSelect_Logout@5890e879]" started-at="2023-05-02T16:59:23 IST" name="womenTopSelect" finished-at="2023-05-02T16:59:40 IST" duration-ms="16689" status="PASS">
          <reporter-output>
          </reporter-output>
        </test-method> <!-- womenTopSelect -->
        <test-method signature="menBottomSelect()[pri:3, instance:tests.Test6_Login_ProductSelect_Logout@5890e879]" started-at="2023-05-02T16:59:40 IST" name="menBottomSelect" finished-at="2023-05-02T16:59:56 IST" duration-ms="16604" status="PASS">
          <reporter-output>
          </reporter-output>
        </test-method> <!-- menBottomSelect -->
        <test-method signature="AddRemoveWishListItem()[pri:4, instance:tests.Test6_Login_ProductSelect_Logout@5890e879]" started-at="2023-05-02T16:59:56 IST" name="AddRemoveWishListItem" finished-at="2023-05-02T17:00:22 IST" duration-ms="25241" status="PASS">
          <reporter-output>
          </reporter-output>
        </test-method> <!-- AddRemoveWishListItem -->
        <test-method signature="verifySignOut()[pri:5, instance:tests.Test6_Login_ProductSelect_Logout@5890e879]" started-at="2023-05-02T17:00:22 IST" name="verifySignOut" finished-at="2023-05-02T17:00:26 IST" duration-ms="4348" status="PASS">
          <reporter-output>
          </reporter-output>
        </test-method> <!-- verifySignOut -->
        <test-method signature="tearDown()[pri:6, instance:tests.Test6_Login_ProductSelect_Logout@5890e879]" started-at="2023-05-02T17:00:26 IST" name="tearDown" finished-at="2023-05-02T17:00:26 IST" duration-ms="344" status="PASS">
          <reporter-output>
          </reporter-output>
        </test-method> <!-- tearDown -->
      </class> <!-- tests.Test6_Login_ProductSelect_Logout -->
      <class name="tests.Test5_ProductSearch_ConfigFile">
        <test-method is-config="true" signature="setup()[pri:0, instance:tests.Test5_ProductSearch_ConfigFile@6c284af]" started-at="2023-05-02T16:58:43 IST" name="setup" finished-at="2023-05-02T16:58:50 IST" duration-ms="6791" status="PASS">
          <reporter-output>
          </reporter-output>
        </test-method> <!-- setup -->
        <test-method signature="login()[pri:1, instance:tests.Test5_ProductSearch_ConfigFile@6c284af]" started-at="2023-05-02T16:58:50 IST" name="login" finished-at="2023-05-02T16:58:53 IST" duration-ms="3632" status="PASS">
          <reporter-output>
          </reporter-output>
        </test-method> <!-- login -->
        <test-method signature="productSearch()[pri:2, instance:tests.Test5_ProductSearch_ConfigFile@6c284af]" started-at="2023-05-02T16:58:53 IST" name="productSearch" finished-at="2023-05-02T16:59:05 IST" duration-ms="11746" status="PASS">
          <reporter-output>
          </reporter-output>
        </test-method> <!-- productSearch -->
        <test-method signature="verifySignOut()[pri:3, instance:tests.Test5_ProductSearch_ConfigFile@6c284af]" started-at="2023-05-02T16:59:05 IST" name="verifySignOut" finished-at="2023-05-02T16:59:10 IST" duration-ms="4512" status="PASS">
          <reporter-output>
          </reporter-output>
        </test-method> <!-- verifySignOut -->
        <test-method signature="tearDown()[pri:4, instance:tests.Test5_ProductSearch_ConfigFile@6c284af]" started-at="2023-05-02T16:59:10 IST" name="tearDown" finished-at="2023-05-02T16:59:10 IST" duration-ms="315" status="PASS">
          <reporter-output>
          </reporter-output>
        </test-method> <!-- tearDown -->
      </class> <!-- tests.Test5_ProductSearch_ConfigFile -->
      <class name="tests.Test4_HomePage_MenuOptions">
        <test-method is-config="true" signature="setup()[pri:0, instance:tests.Test4_HomePage_MenuOptions@7e057f43]" started-at="2023-05-02T16:57:37 IST" name="setup" finished-at="2023-05-02T16:57:43 IST" duration-ms="6287" status="PASS">
          <reporter-output>
          </reporter-output>
        </test-method> <!-- setup -->
        <test-method signature="login()[pri:10, instance:tests.Test4_HomePage_MenuOptions@7e057f43]" started-at="2023-05-02T16:57:43 IST" name="login" finished-at="2023-05-02T16:57:46 IST" duration-ms="2789" status="PASS">
          <reporter-output>
          </reporter-output>
        </test-method> <!-- login -->
        <test-method signature="salePage()[pri:11, instance:tests.Test4_HomePage_MenuOptions@7e057f43]" started-at="2023-05-02T16:57:46 IST" name="salePage" finished-at="2023-05-02T16:57:53 IST" duration-ms="7431" status="PASS">
          <reporter-output>
          </reporter-output>
        </test-method> <!-- salePage -->
        <test-method signature="whatsNew()[pri:12, instance:tests.Test4_HomePage_MenuOptions@7e057f43]" started-at="2023-05-02T16:57:53 IST" name="whatsNew" finished-at="2023-05-02T16:58:01 IST" duration-ms="7824" status="PASS">
          <reporter-output>
          </reporter-output>
        </test-method> <!-- whatsNew -->
        <test-method signature="womenCategory()[pri:13, instance:tests.Test4_HomePage_MenuOptions@7e057f43]" started-at="2023-05-02T16:58:01 IST" name="womenCategory" finished-at="2023-05-02T16:58:09 IST" duration-ms="7790" status="PASS">
          <reporter-output>
          </reporter-output>
        </test-method> <!-- womenCategory -->
        <test-method signature="menCategory()[pri:14, instance:tests.Test4_HomePage_MenuOptions@7e057f43]" started-at="2023-05-02T16:58:09 IST" name="menCategory" finished-at="2023-05-02T16:58:23 IST" duration-ms="14060" status="PASS">
          <reporter-output>
          </reporter-output>
        </test-method> <!-- menCategory -->
        <test-method signature="gearCategory()[pri:15, instance:tests.Test4_HomePage_MenuOptions@7e057f43]" started-at="2023-05-02T16:58:23 IST" name="gearCategory" finished-at="2023-05-02T16:58:30 IST" duration-ms="7634" status="PASS">
          <reporter-output>
          </reporter-output>
        </test-method> <!-- gearCategory -->
        <test-method signature="training()[pri:16, instance:tests.Test4_HomePage_MenuOptions@7e057f43]" started-at="2023-05-02T16:58:30 IST" name="training" finished-at="2023-05-02T16:58:39 IST" duration-ms="8142" status="PASS">
          <reporter-output>
          </reporter-output>
        </test-method> <!-- training -->
        <test-method signature="verifySignOut()[pri:17, instance:tests.Test4_HomePage_MenuOptions@7e057f43]" started-at="2023-05-02T16:58:39 IST" name="verifySignOut" finished-at="2023-05-02T16:58:43 IST" duration-ms="4172" status="PASS">
          <reporter-output>
          </reporter-output>
        </test-method> <!-- verifySignOut -->
        <test-method is-config="true" signature="tearDown()[pri:0, instance:tests.Test4_HomePage_MenuOptions@7e057f43]" started-at="2023-05-02T16:58:43 IST" name="tearDown" finished-at="2023-05-02T16:58:43 IST" duration-ms="309" status="PASS">
          <reporter-output>
          </reporter-output>
        </test-method> <!-- tearDown -->
      </class> <!-- tests.Test4_HomePage_MenuOptions -->
      <class name="tests.Test2_Login_CredentialsConfigFile">
        <test-method is-config="true" signature="setup()[pri:0, instance:tests.Test2_Login_CredentialsConfigFile@1750fbeb]" started-at="2023-05-02T16:57:07 IST" name="setup" finished-at="2023-05-02T16:57:17 IST" duration-ms="9934" status="PASS">
          <reporter-output>
          </reporter-output>
        </test-method> <!-- setup -->
        <test-method signature="login()[pri:1, instance:tests.Test2_Login_CredentialsConfigFile@1750fbeb]" started-at="2023-05-02T16:57:17 IST" name="login" finished-at="2023-05-02T16:57:20 IST" duration-ms="3312" status="PASS">
          <reporter-output>
          </reporter-output>
        </test-method> <!-- login -->
        <test-method signature="verifySignOut()[pri:2, instance:tests.Test2_Login_CredentialsConfigFile@1750fbeb]" started-at="2023-05-02T16:57:20 IST" name="verifySignOut" finished-at="2023-05-02T16:57:24 IST" duration-ms="3552" status="PASS">
          <reporter-output>
          </reporter-output>
        </test-method> <!-- verifySignOut -->
        <test-method signature="tearDown()[pri:3, instance:tests.Test2_Login_CredentialsConfigFile@1750fbeb]" started-at="2023-05-02T16:57:24 IST" name="tearDown" finished-at="2023-05-02T16:57:24 IST" duration-ms="193" status="PASS">
          <reporter-output>
          </reporter-output>
        </test-method> <!-- tearDown -->
      </class> <!-- tests.Test2_Login_CredentialsConfigFile -->
    </test> <!-- Test -->
  </suite> <!-- Suite -->
</testng-results>
