<?xml version="1.0" encoding="UTF-8"?>
<!-- Generated by org.testng.reporters.JUnitXMLReporter -->
<testsuite ignored="5" hostname="IN-5C9K1N3" failures="1" tests="24" name="Test" time="212.672" errors="0" timestamp="2023-05-02T17:00:26 IST">
  <testcase classname="tests.Test1_InvalidLoginTest" name="invalidLogin" time="4.258">
    <failure type="java.lang.AssertionError" message="expected [Home page] but found [Customer Login]">
      <![CDATA[java.lang.AssertionError: expected [Home page] but found [Customer Login]
at tests.Test1_InvalidLoginTest.invalidLogin(Test1_InvalidLoginTest.java:42)
at java.base/java.util.ArrayList.forEach(ArrayList.java:1511)
... Removed 33 stack frames]]>
    </failure>
  </testcase> <!-- invalidLogin -->
  <testcase classname="tests.Test2_Login_CredentialsConfigFile" name="login" time="3.312"/>
  <testcase classname="tests.Test2_Login_CredentialsConfigFile" name="verifySignOut" time="3.552"/>
  <testcase classname="tests.Test2_Login_CredentialsConfigFile" name="tearDown" time="0.193"/>
  <testcase classname="tests.Test3_Login_DataProvider" name="testLogin" time="2.837"/>
  <testcase classname="tests.Test3_Login_DataProvider" name="verifySignOut" time="3.441"/>
  <testcase classname="tests.Test4_HomePage_MenuOptions" name="login" time="2.789"/>
  <testcase classname="tests.Test4_HomePage_MenuOptions" name="salePage" time="7.431"/>
  <testcase classname="tests.Test4_HomePage_MenuOptions" name="whatsNew" time="7.824"/>
  <testcase classname="tests.Test4_HomePage_MenuOptions" name="womenCategory" time="7.79"/>
  <testcase classname="tests.Test4_HomePage_MenuOptions" name="menCategory" time="14.06"/>
  <testcase classname="tests.Test4_HomePage_MenuOptions" name="gearCategory" time="7.634"/>
  <testcase classname="tests.Test4_HomePage_MenuOptions" name="training" time="8.142"/>
  <testcase classname="tests.Test4_HomePage_MenuOptions" name="verifySignOut" time="4.172"/>
  <testcase classname="tests.Test5_ProductSearch_ConfigFile" name="login" time="3.632"/>
  <testcase classname="tests.Test5_ProductSearch_ConfigFile" name="productSearch" time="11.746"/>
  <testcase classname="tests.Test5_ProductSearch_ConfigFile" name="verifySignOut" time="4.512"/>
  <testcase classname="tests.Test5_ProductSearch_ConfigFile" name="tearDown" time="0.315"/>
  <testcase classname="tests.Test6_Login_ProductSelect_Logout" name="login" time="3.994"/>
  <testcase classname="tests.Test6_Login_ProductSelect_Logout" name="womenTopSelect" time="16.689"/>
  <testcase classname="tests.Test6_Login_ProductSelect_Logout" name="menBottomSelect" time="16.604"/>
  <testcase classname="tests.Test6_Login_ProductSelect_Logout" name="AddRemoveWishListItem" time="25.241"/>
  <testcase classname="tests.Test6_Login_ProductSelect_Logout" name="verifySignOut" time="4.348"/>
  <testcase classname="tests.Test6_Login_ProductSelect_Logout" name="tearDown" time="0.344"/>
  <testcase classname="tests.BaseTest" name="@AfterSuite copyTestExecution_In_Folder" time="0.0">
    <ignored/>
  </testcase> <!-- @AfterSuite copyTestExecution_In_Folder -->
  <testcase classname="tests.BaseTest" name="@AfterSuite copyTestExecution_In_Folder" time="0.0">
    <ignored/>
  </testcase> <!-- @AfterSuite copyTestExecution_In_Folder -->
  <testcase classname="tests.BaseTest" name="@AfterSuite copyTestExecution_In_Folder" time="0.0">
    <ignored/>
  </testcase> <!-- @AfterSuite copyTestExecution_In_Folder -->
  <testcase classname="tests.BaseTest" name="@AfterSuite copyTestExecution_In_Folder" time="0.0">
    <ignored/>
  </testcase> <!-- @AfterSuite copyTestExecution_In_Folder -->
  <testcase classname="tests.BaseTest" name="@AfterSuite copyTestExecution_In_Folder" time="0.0">
    <ignored/>
  </testcase> <!-- @AfterSuite copyTestExecution_In_Folder -->
</testsuite> <!-- Test -->
