<?xml version="1.0" encoding="UTF-8"?>
<!-- Generated by org.testng.reporters.JUnitXMLReporter -->
<testsuite ignored="5" hostname="IN-5C9K1N3" failures="2" tests="24" name="Test" time="171.795" errors="0" timestamp="2023-05-02T21:46:38 IST">
  <testcase classname="tests.Test1_InvalidLoginTest" name="invalidLogin" time="4.165">
    <failure type="java.lang.AssertionError" message="expected [Home page] but found [Customer Login]">
      <![CDATA[java.lang.AssertionError: expected [Home page] but found [Customer Login]
at tests.Test1_InvalidLoginTest.invalidLogin(Test1_InvalidLoginTest.java:45)
at java.base/java.util.ArrayList.forEach(ArrayList.java:1511)
... Removed 33 stack frames]]>
    </failure>
  </testcase> <!-- invalidLogin -->
  <testcase classname="tests.Test2_Login_CredentialsConfigFile" name="login" time="2.909"/>
  <testcase classname="tests.Test2_Login_CredentialsConfigFile" name="verifySignOut" time="3.476"/>
  <testcase classname="tests.Test2_Login_CredentialsConfigFile" name="tearDown" time="0.277"/>
  <testcase classname="tests.Test3_Login_DataProvider" name="testLogin" time="3.161"/>
  <testcase classname="tests.Test3_Login_DataProvider" name="verifySignOut" time="4.107"/>
  <testcase classname="tests.Test4_HomePage_MenuOptions" name="login" time="3.27"/>
  <testcase classname="tests.Test4_HomePage_MenuOptions" name="salePage" time="5.654"/>
  <testcase classname="tests.Test4_HomePage_MenuOptions" name="whatsNew" time="6.408"/>
  <testcase classname="tests.Test4_HomePage_MenuOptions" name="womenCategory" time="5.845"/>
  <testcase classname="tests.Test4_HomePage_MenuOptions" name="menCategory" time="8.421"/>
  <testcase classname="tests.Test4_HomePage_MenuOptions" name="gearCategory" time="5.572"/>
  <testcase classname="tests.Test4_HomePage_MenuOptions" name="training" time="5.432"/>
  <testcase classname="tests.Test4_HomePage_MenuOptions" name="verifySignOut" time="4.062"/>
  <testcase classname="tests.Test5_ProductSearch_ConfigFile" name="login" time="2.896"/>
  <testcase classname="tests.Test5_ProductSearch_ConfigFile" name="productSearch" time="5.293"/>
  <testcase classname="tests.Test5_ProductSearch_ConfigFile" name="verifySignOut" time="3.381"/>
  <testcase classname="tests.Test5_ProductSearch_ConfigFile" name="tearDown" time="0.255"/>
  <testcase classname="tests.Test6_Login_ProductSelect_Logout" name="login" time="3.929"/>
  <testcase classname="tests.Test6_Login_ProductSelect_Logout" name="womenTopSelect" time="12.809"/>
  <testcase classname="tests.Test6_Login_ProductSelect_Logout" name="menBottomSelect" time="12.435"/>
  <testcase classname="tests.Test6_Login_ProductSelect_Logout" name="AddRemoveWishListItem" time="15.178">
    <failure type="org.openqa.selenium.NoSuchElementException" message="no such element: Unable to locate element: {&amp;quot;method&amp;quot;:&amp;quot;xpath&amp;quot;,&amp;quot;selector&amp;quot;:&amp;quot;//*[@id=&amp;quot;wishlist-sidebar&amp;quot;]/li/div/div/div[2]/div[2]/a&amp;quot;}
  (Session info: chrome=112.0.5615.138)
For documentation on this error, please visit: https://selenium.dev/exceptions/#no_such_element
Build info: version: &amp;apos;4.8.3&amp;apos;, revision: &amp;apos;e5e76298c3&amp;apos;
System info: os.name: &amp;apos;Windows 11&amp;apos;, os.arch: &amp;apos;amd64&amp;apos;, os.version: &amp;apos;10.0&amp;apos;, java.version: &amp;apos;17.0.6&amp;apos;
Driver info: org.openqa.selenium.chrome.ChromeDriver
Command: [0d13c8d5f83721789b42bc6cdd671d02, findElement {using=xpath, value=//*[@id=&amp;quot;wishlist-sidebar&amp;quot;]/li/div/div/div[2]/div[2]/a}]
Capabilities {acceptInsecureCerts: false, browserName: chrome, browserVersion: 112.0.5615.138, chrome: {chromedriverVersion: 112.0.5615.49 (bd2a7bcb881c..., userDataDir: C:\Users\renu2143\AppData\L...}, goog:chromeOptions: {debuggerAddress: localhost:63233}, networkConnectionEnabled: false, pageLoadStrategy: normal, platformName: WINDOWS, proxy: Proxy(), se:cdp: ws://localhost:63233/devtoo..., se:cdpVersion: 112.0.5615.138, setWindowRect: true, strictFileInteractability: false, timeouts: {implicit: 0, pageLoad: 300000, script: 30000}, unhandledPromptBehavior: dismiss and notify, webauthn:extension:credBlob: true, webauthn:extension:largeBlob: true, webauthn:extension:minPinLength: true, webauthn:extension:prf: true, webauthn:virtualAuthenticators: true}
Session ID: 0d13c8d5f83721789b42bc6cdd671d02">
      <![CDATA[org.openqa.selenium.NoSuchElementException: no such element: Unable to locate element: {"method":"xpath","selector":"//*[@id="wishlist-sidebar"]/li/div/div/div[2]/div[2]/a"}
  (Session info: chrome=112.0.5615.138)
For documentation on this error, please visit: https://selenium.dev/exceptions/#no_such_element
Build info: version: '4.8.3', revision: 'e5e76298c3'
System info: os.name: 'Windows 11', os.arch: 'amd64', os.version: '10.0', java.version: '17.0.6'
Driver info: org.openqa.selenium.chrome.ChromeDriver
Command: [0d13c8d5f83721789b42bc6cdd671d02, findElement {using=xpath, value=//*[@id="wishlist-sidebar"]/li/div/div/div[2]/div[2]/a}]
Capabilities {acceptInsecureCerts: false, browserName: chrome, browserVersion: 112.0.5615.138, chrome: {chromedriverVersion: 112.0.5615.49 (bd2a7bcb881c..., userDataDir: C:\Users\renu2143\AppData\L...}, goog:chromeOptions: {debuggerAddress: localhost:63233}, networkConnectionEnabled: false, pageLoadStrategy: normal, platformName: WINDOWS, proxy: Proxy(), se:cdp: ws://localhost:63233/devtoo..., se:cdpVersion: 112.0.5615.138, setWindowRect: true, strictFileInteractability: false, timeouts: {implicit: 0, pageLoad: 300000, script: 30000}, unhandledPromptBehavior: dismiss and notify, webauthn:extension:credBlob: true, webauthn:extension:largeBlob: true, webauthn:extension:minPinLength: true, webauthn:extension:prf: true, webauthn:virtualAuthenticators: true}
Session ID: 0d13c8d5f83721789b42bc6cdd671d02
at org.openqa.selenium.remote.codec.w3c.W3CHttpResponseCodec.createException(W3CHttpResponseCodec.java:200)
at org.openqa.selenium.remote.codec.w3c.W3CHttpResponseCodec.decode(W3CHttpResponseCodec.java:133)
at org.openqa.selenium.remote.codec.w3c.W3CHttpResponseCodec.decode(W3CHttpResponseCodec.java:53)
at org.openqa.selenium.remote.HttpCommandExecutor.execute(HttpCommandExecutor.java:193)
at org.openqa.selenium.remote.service.DriverCommandExecutor.invokeExecute(DriverCommandExecutor.java:183)
at org.openqa.selenium.remote.service.DriverCommandExecutor.execute(DriverCommandExecutor.java:158)
at org.openqa.selenium.remote.RemoteWebDriver.execute(RemoteWebDriver.java:543)
at org.openqa.selenium.remote.ElementLocation$ElementFinder$2.findElement(ElementLocation.java:162)
at org.openqa.selenium.remote.ElementLocation.findElement(ElementLocation.java:60)
at org.openqa.selenium.remote.RemoteWebDriver.findElement(RemoteWebDriver.java:352)
at org.openqa.selenium.remote.RemoteWebDriver.findElement(RemoteWebDriver.java:344)
at pages.HomePage.removeWishListTop(HomePage.java:493)
at tests.Test6_Login_ProductSelect_Logout.AddRemoveWishListItem(Test6_Login_ProductSelect_Logout.java:55)
at java.base/java.util.ArrayList.forEach(ArrayList.java:1511)
... Removed 32 stack frames]]>
    </failure>
  </testcase> <!-- AddRemoveWishListItem -->
  <testcase classname="tests.Test6_Login_ProductSelect_Logout" name="verifySignOut" time="3.718"/>
  <testcase classname="tests.Test6_Login_ProductSelect_Logout" name="tearDown" time="0.291"/>
  <testcase classname="tests.BaseTest" name="@AfterSuite copyTestExecution_In_Folder" time="0.0">
    <ignored/>
  </testcase> <!-- @AfterSuite copyTestExecution_In_Folder -->
  <testcase classname="tests.BaseTest" name="@AfterSuite copyTestExecution_In_Folder" time="0.0">
    <ignored/>
  </testcase> <!-- @AfterSuite copyTestExecution_In_Folder -->
  <testcase classname="tests.BaseTest" name="@AfterSuite copyTestExecution_In_Folder" time="0.0">
    <ignored/>
  </testcase> <!-- @AfterSuite copyTestExecution_In_Folder -->
  <testcase classname="tests.BaseTest" name="@AfterSuite copyTestExecution_In_Folder" time="0.0">
    <ignored/>
  </testcase> <!-- @AfterSuite copyTestExecution_In_Folder -->
  <testcase classname="tests.BaseTest" name="@AfterSuite copyTestExecution_In_Folder" time="0.0">
    <ignored/>
  </testcase> <!-- @AfterSuite copyTestExecution_In_Folder -->
</testsuite> <!-- Test -->
